mode: set
github.com/tylerBrittain42/blog/pkg/basicArticle/basicArticle.go:13.74,15.35 2 1
github.com/tylerBrittain42/blog/pkg/basicArticle/basicArticle.go:15.35,17.3 1 1
github.com/tylerBrittain42/blog/pkg/basicArticle/basicArticle.go:18.2,18.34 1 1
github.com/tylerBrittain42/blog/pkg/basicArticle/basicArticle.go:18.34,20.3 1 1
github.com/tylerBrittain42/blog/pkg/basicArticle/basicArticle.go:21.2,21.30 1 1
github.com/tylerBrittain42/blog/pkg/basicArticle/basicArticle.go:25.63,28.19 3 1
github.com/tylerBrittain42/blog/pkg/basicArticle/basicArticle.go:28.19,30.3 1 1
github.com/tylerBrittain42/blog/pkg/basicArticle/basicArticle.go:31.2,31.45 1 1
github.com/tylerBrittain42/blog/pkg/basicArticle/basicArticle.go:34.65,36.16 2 1
github.com/tylerBrittain42/blog/pkg/basicArticle/basicArticle.go:36.16,38.3 1 0
github.com/tylerBrittain42/blog/pkg/basicArticle/basicArticle.go:39.2,40.20 2 1
github.com/tylerBrittain42/blog/pkg/basicArticle/basicArticle.go:40.20,42.3 1 1
github.com/tylerBrittain42/blog/pkg/basicArticle/basicArticle.go:44.2,44.18 1 1
github.com/tylerBrittain42/blog/main.go:20.13,22.16 2 0
github.com/tylerBrittain42/blog/main.go:22.16,24.3 1 0
github.com/tylerBrittain42/blog/main.go:25.2,38.36 8 0
github.com/tylerBrittain42/blog/main.go:42.59,44.2 1 0
github.com/tylerBrittain42/blog/main.go:46.75,49.16 3 0
github.com/tylerBrittain42/blog/main.go:49.16,53.3 3 0
github.com/tylerBrittain42/blog/main.go:54.2,54.18 1 0
github.com/tylerBrittain42/blog/main.go:54.18,58.3 3 0
github.com/tylerBrittain42/blog/main.go:60.2,62.16 3 0
github.com/tylerBrittain42/blog/main.go:62.16,66.3 3 0
github.com/tylerBrittain42/blog/main.go:68.2,69.16 2 0
github.com/tylerBrittain42/blog/main.go:69.16,73.3 3 0
github.com/tylerBrittain42/blog/main.go:74.2,74.16 1 0
github.com/tylerBrittain42/blog/main.go:74.16,78.3 3 0
github.com/tylerBrittain42/blog/main.go:79.2,91.42 3 0
github.com/tylerBrittain42/blog/main.go:102.59,104.16 2 0
github.com/tylerBrittain42/blog/main.go:104.16,106.3 1 0
github.com/tylerBrittain42/blog/main.go:108.2,109.16 2 0
github.com/tylerBrittain42/blog/main.go:109.16,111.3 1 0
github.com/tylerBrittain42/blog/main.go:113.2,114.16 2 0
github.com/tylerBrittain42/blog/main.go:114.16,116.3 1 0
github.com/tylerBrittain42/blog/main.go:117.2,118.16 2 0
github.com/tylerBrittain42/blog/pkg/validator/validator.go:9.49,13.16 3 1
github.com/tylerBrittain42/blog/pkg/validator/validator.go:13.16,15.3 1 0
github.com/tylerBrittain42/blog/pkg/validator/validator.go:17.2,17.21 1 1
github.com/tylerBrittain42/blog/pkg/validator/validator.go:20.50,23.36 2 1
github.com/tylerBrittain42/blog/pkg/validator/validator.go:23.36,25.3 1 1
github.com/tylerBrittain42/blog/pkg/validator/validator.go:25.8,25.23 1 1
github.com/tylerBrittain42/blog/pkg/validator/validator.go:25.23,27.3 1 0
github.com/tylerBrittain42/blog/pkg/validator/validator.go:27.8,29.3 1 1
